proximal ascending aorta
Proximal ascending aorta
Proximal Ascending aorta
Proximal Ascending Aorta
PROXIMAL ASCENDING AORTA
ASCENDING AORTA
ASC AORTA
ASC. AORTA
Asc aorta
Proximal Ascending Ao
Proximal ascending Ao
proximal ascending Ao
proximal ascending ao
prox. ascending aorta
prox ascending aorta
prox. asc. aorta
prox. asc. ao.
ascending aorta
Ascending Aorta
Ascending aorta
ascending Aorta
Acending aorta
acending aorta
ascending Ao
ascending Ao.
Ascending Ao
Ascending Ao.
asc aorta
asc. aorta
Asc. Aorta
Asc Ao.
Asc Ao
Asc ao
asc ao
asc Ao
asc ao.
asc Ao.
Asc. Ao.
Asc. Ao
Asc. ao
asc. ao
asc. Ao
ao. asc
ao. Asc
ao. ASC
ao asc
ao Asc
ao ASC
Ao. asc
Ao. Asc
Ao. ASC
Ao asc
Ao Asc
Ao ASC
AO. asc
AO. Asc
AO. ASC
AO asc
AO Asc
AO ASC