stj
STJ
StJ
Stj
S.T.J
S.T.J.
ST junction
ST Junction
St junction
st junction
sino tube junction
Sino Tube junction
Sino tube junction
sinotube junction
Sinotube junction
sinotube Junction
sinotubular junction
Sinotubular Junction
Sinotubular junction
sinotubular Junction
sino-tubular junction
Sino-tubular Junction
Sino-tubular junction
sino-tubular Junction
sino tubular junction
Sino tubular Junction
Sino tubular junction
sino tubular Junction
Sinuo tubular junction
sinuo tubular junction
Sino Tubular Junction
Sinuotubular junction
sinuotubular junction
MM_SINOTUBULAR_JUNCTION
sinotub
Sinotub
SINOTUB
sinotube
Sinotube
SINOTUBE